[debug] [2021-08-29T15:59:14.083Z] ----------------------------------------------------------------------
[debug] [2021-08-29T15:59:14.084Z] Command:       C:\Program Files\nodejs\node.exe C:\Users\prana\AppData\Roaming\npm\node_modules\firebase-tools\lib\bin\firebase.js init
[debug] [2021-08-29T15:59:14.085Z] CLI Version:   9.16.6
[debug] [2021-08-29T15:59:14.085Z] Platform:      win32
[debug] [2021-08-29T15:59:14.085Z] Node Version:  v14.17.5
[debug] [2021-08-29T15:59:14.085Z] Time:          Sun Aug 29 2021 21:29:14 GMT+0530 (India Standard Time)
[debug] [2021-08-29T15:59:14.085Z] ----------------------------------------------------------------------
[debug] 
[debug] [2021-08-29T15:59:14.130Z] > command requires scopes: ["email","openid","https://www.googleapis.com/auth/cloudplatformprojects.readonly","https://www.googleapis.com/auth/firebase","https://www.googleapis.com/auth/cloud-platform"]
[debug] [2021-08-29T15:59:14.130Z] > authorizing via signed-in user (pranavashish@gmail.com)
[info] 
     ######## #### ########  ######## ########     ###     ######  ########
     ##        ##  ##     ## ##       ##     ##  ##   ##  ##       ##
     ######    ##  ########  ######   ########  #########  ######  ######
     ##        ##  ##    ##  ##       ##     ## ##     ##       ## ##
     ##       #### ##     ## ######## ########  ##     ##  ######  ########

You're about to initialize a Firebase project in this directory:

  E:\MERN\Tinder\tinder-clone

Before we get started, keep in mind:

  * You are initializing within an existing Firebase project directory

